0 info it worked if it ends with ok
1 verbose cli [ 'node', '/usr/local/bin/npm', 'install', 'noble]' ]
2 info using npm@1.4.28
3 info using node@v0.10.32
4 verbose cache add [ 'noble]', null ]
5 verbose cache add name=undefined spec="noble]" args=["noble]",null]
6 verbose parsed url { protocol: null,
6 verbose parsed url   slashes: null,
6 verbose parsed url   auth: null,
6 verbose parsed url   host: null,
6 verbose parsed url   port: null,
6 verbose parsed url   hostname: null,
6 verbose parsed url   hash: null,
6 verbose parsed url   search: null,
6 verbose parsed url   query: null,
6 verbose parsed url   pathname: 'noble]',
6 verbose parsed url   path: 'noble]',
6 verbose parsed url   href: 'noble]' }
7 silly lockFile a101eddc-noble noble]
8 verbose lock noble] /Users/chenfs/.npm/a101eddc-noble.lock
9 silly lockFile a101eddc-noble noble]
10 silly lockFile a101eddc-noble noble]
11 verbose addNamed [ 'noble]', '' ]
12 verbose addNamed [ null, '*' ]
13 silly lockFile 1727ebff-noble noble]@
14 verbose lock noble]@ /Users/chenfs/.npm/1727ebff-noble.lock
15 silly addNameRange { name: 'noble]', range: '*', hasData: false }
16 verbose request where is /noble]
17 verbose request registry https://registry.npmjs.org/
18 verbose request id 6d634cbf6d16a6e5
19 verbose url raw /noble]
20 verbose url resolving [ 'https://registry.npmjs.org/', './noble%5D' ]
21 verbose url resolved https://registry.npmjs.org/noble%5D
22 verbose request where is https://registry.npmjs.org/noble%5D
23 info trying registry request attempt 1 at 23:51:32
24 http GET https://registry.npmjs.org/noble%5D
25 http 404 https://registry.npmjs.org/noble%5D
26 silly registry.get cb [ 404,
26 silly registry.get   { 'content-type': 'application/json',
26 silly registry.get     'cache-control': 'max-age=0',
26 silly registry.get     'content-length': '2',
26 silly registry.get     'accept-ranges': 'bytes',
26 silly registry.get     date: 'Wed, 02 Dec 2015 07:51:32 GMT',
26 silly registry.get     via: '1.1 varnish',
26 silly registry.get     age: '0',
26 silly registry.get     connection: 'keep-alive',
26 silly registry.get     'x-served-by': 'cache-lax1422-LAX',
26 silly registry.get     'x-cache': 'MISS',
26 silly registry.get     'x-cache-hits': '0',
26 silly registry.get     'x-timer': 'S1449042692.254142,VS0,VE78' } ]
27 silly lockFile 1727ebff-noble noble]@
28 silly lockFile 1727ebff-noble noble]@
29 error 404 Not Found
29 error 404
29 error 404 'noble]' is not in the npm registry.
29 error 404 You should bug the author to publish it
29 error 404
29 error 404 Note that you can also install from a
29 error 404 tarball, folder, or http url, or git url.
30 error System Darwin 15.0.0
31 error command "node" "/usr/local/bin/npm" "install" "noble]"
32 error cwd /Users/chenfs/Google Drive/Courses/CSE 461/PROJECT_3/ble-project
33 error node -v v0.10.32
34 error npm -v 1.4.28
35 error code E404
36 verbose exit [ 1, true ]
